<?xml version="1.0" encoding="UTF-8"?>
<!-- Generated by org.testng.reporters.JUnitReportReporter -->
<testsuite hostname="DESKTOP-PBIIE30" failures="0" tests="1" name="mvn.Page_Object_Model.Rediff_Test_Case" time="57.689" errors="0" timestamp="2021-10-13T12:14:40 IST" skipped="0">
  <testcase classname="mvn.Page_Object_Model.Rediff_Test_Case" name="testCase" time="57.689"/>
  <system-out/>
</testsuite> <!-- mvn.Page_Object_Model.Rediff_Test_Case -->
