<?xml version="1.0" encoding="UTF-8"?>
<!-- Generated by org.testng.reporters.JUnitReportReporter -->
<testsuite hostname="DESKTOP-PBIIE30" failures="0" tests="3" name="rediffPOMTest.MyPorfolioTest" time="178.283" errors="0" timestamp="2021-10-14T13:40:10 IST" skipped="0">
  <testcase classname="rediffPOMTest.MyPorfolioTest" name="deletePortfolio" time="64.438"/>
  <system-out/>
  <testcase classname="rediffPOMTest.MyPorfolioTest" name="openPorfolio" time="64.056"/>
  <system-out/>
  <testcase classname="rediffPOMTest.MyPorfolioTest" name="addPortfolioTest" time="49.789"/>
  <system-out/>
</testsuite> <!-- rediffPOMTest.MyPorfolioTest -->
