<?xml version="1.0" encoding="UTF-8"?>
<!-- Generated by org.testng.reporters.JUnitReportReporter -->
<testsuite hostname="DESKTOP-PBIIE30" failures="0" tests="1" name="mvn.Page_Object_Model.LoginTestcase2" time="29.971" errors="0" timestamp="2021-10-12T17:48:21 IST" skipped="0">
  <testcase classname="mvn.Page_Object_Model.LoginTestcase2" name="Login" time="29.971"/>
  <system-out/>
</testsuite> <!-- mvn.Page_Object_Model.LoginTestcase2 -->
